f:\private mmo\republic project\12. republic anti cheat\garudahs\garudahs_client\garudahs_client\x64\debug\garudahs_client.pch
f:\private mmo\republic project\12. republic anti cheat\garudahs\garudahs_client\garudahs_client\x64\debug\pch.obj
f:\private mmo\republic project\12. republic anti cheat\garudahs\garudahs_client\garudahs_client\x64\debug\vc143.pdb
f:\private mmo\republic project\12. republic anti cheat\garudahs\garudahs_client\garudahs_client\x64\debug\windowdetector.obj
f:\private mmo\republic project\12. republic anti cheat\garudahs\garudahs_client\garudahs_client\x64\debug\processwatcher.obj
f:\private mmo\republic project\12. republic anti cheat\garudahs\garudahs_client\garudahs_client\x64\debug\performancemonitor.obj
f:\private mmo\republic project\12. republic anti cheat\garudahs\garudahs_client\garudahs_client\x64\debug\overlayscanner.obj
f:\private mmo\republic project\12. republic anti cheat\garudahs\garudahs_client\garudahs_client\x64\debug\overlaydetectionlayer.obj
f:\private mmo\republic project\12. republic anti cheat\garudahs\garudahs_client\garudahs_client\x64\debug\logger.obj
f:\private mmo\republic project\12. republic anti cheat\garudahs\garudahs_client\garudahs_client\x64\debug\layereddetection.obj
f:\private mmo\republic project\12. republic anti cheat\garudahs\garudahs_client\garudahs_client\x64\debug\exports.obj
f:\private mmo\republic project\12. republic anti cheat\garudahs\garudahs_client\garudahs_client\x64\debug\detectionengine.obj
f:\private mmo\republic project\12. republic anti cheat\garudahs\garudahs_client\garudahs_client\x64\debug\antisuspendthreads.obj
f:\private mmo\republic project\12. republic anti cheat\garudahs\garudahs_client\garudahs_client\x64\debug\antisuspenddetectionlayer.obj
f:\private mmo\republic project\12. republic anti cheat\garudahs\garudahs_client\garudahs_client\x64\debug\antidebug.obj
f:\private mmo\republic project\12. republic anti cheat\garudahs\garudahs_client\garudahs_client\x64\debug\dllmain.obj
f:\private mmo\republic project\12. republic anti cheat\garudahs\garudahs_client\garudahs_client\x64\debug\configuration.obj
f:\private mmo\republic project\12. republic anti cheat\garudahs\garudahs_client\garudahs_client\x64\debug\vc143.idb
f:\private mmo\republic project\12. republic anti cheat\garudahs\garudahs_client\garudahs_client\x64\debug\garudahs_client.tlog\cl.command.1.tlog
f:\private mmo\republic project\12. republic anti cheat\garudahs\garudahs_client\garudahs_client\x64\debug\garudahs_client.tlog\cl.read.1.tlog
f:\private mmo\republic project\12. republic anti cheat\garudahs\garudahs_client\garudahs_client\x64\debug\garudahs_client.tlog\cl.write.1.tlog
