f:\private mmo\republic project\12. republic anti cheat\garudahs\garudahs_client\garudahs_client\debug\garudahs_client.pch
f:\private mmo\republic project\12. republic anti cheat\garudahs\garudahs_client\garudahs_client\debug\pch.obj
f:\private mmo\republic project\12. republic anti cheat\garudahs\garudahs_client\garudahs_client\debug\vc143.pdb
f:\private mmo\republic project\12. republic anti cheat\garudahs\garudahs_client\garudahs_client\debug\windowdetector.obj
f:\private mmo\republic project\12. republic anti cheat\garudahs\garudahs_client\garudahs_client\debug\staticexports.obj
f:\private mmo\republic project\12. republic anti cheat\garudahs\garudahs_client\garudahs_client\debug\processwatcher.obj
f:\private mmo\republic project\12. republic anti cheat\garudahs\garudahs_client\garudahs_client\debug\performancemonitor.obj
f:\private mmo\republic project\12. republic anti cheat\garudahs\garudahs_client\garudahs_client\debug\overlayscanner.obj
f:\private mmo\republic project\12. republic anti cheat\garudahs\garudahs_client\garudahs_client\debug\overlaydetectionlayer.obj
f:\private mmo\republic project\12. republic anti cheat\garudahs\garudahs_client\garudahs_client\debug\memorysignaturescanner.obj
f:\private mmo\republic project\12. republic anti cheat\garudahs\garudahs_client\garudahs_client\debug\logger.obj
f:\private mmo\republic project\12. republic anti cheat\garudahs\garudahs_client\garudahs_client\debug\injectionscanner.obj
f:\private mmo\republic project\12. republic anti cheat\garudahs\garudahs_client\garudahs_client\debug\injectiondetectionlayer.obj
f:\private mmo\republic project\12. republic anti cheat\garudahs\garudahs_client\garudahs_client\debug\securityutils.obj
f:\private mmo\republic project\12. republic anti cheat\garudahs\garudahs_client\garudahs_client\debug\layereddetection.obj
f:\private mmo\republic project\12. republic anti cheat\garudahs\garudahs_client\garudahs_client\debug\detectionengine.obj
f:\private mmo\republic project\12. republic anti cheat\garudahs\garudahs_client\garudahs_client\debug\configuration.obj
f:\private mmo\republic project\12. republic anti cheat\garudahs\garudahs_client\garudahs_client\debug\antisuspendthreads.obj
f:\private mmo\republic project\12. republic anti cheat\garudahs\garudahs_client\garudahs_client\debug\antisuspenddetectionlayer.obj
f:\private mmo\republic project\12. republic anti cheat\garudahs\garudahs_client\garudahs_client\debug\antidebug.obj
f:\private mmo\republic project\12. republic anti cheat\garudahs\garudahs_client\garudahs_client\debug\dllmain.obj
f:\private mmo\republic project\12. republic anti cheat\garudahs\garudahs_client\garudahs_client\debug\threadinjectiontracer.obj
f:\private mmo\republic project\12. republic anti cheat\garudahs\garudahs_client\garudahs_client\debug\heuristicmemoryscanner.obj
f:\private mmo\republic project\12. republic anti cheat\garudahs\garudahs_client\garudahs_client\debug\garudahs_staticcore.obj
f:\private mmo\republic project\12. republic anti cheat\garudahs\garudahs_client\garudahs_client\debug\enhancedsignaturedetector.obj
f:\private mmo\republic project\12. republic anti cheat\garudahs\garudahs_client\garudahs_client\debug\enhancedmoduleblacklist.obj
f:\private mmo\republic project\12. republic anti cheat\garudahs\garudahs_client\garudahs_client\debug\enhancedanticheatcore.obj
f:\private mmo\republic project\12. republic anti cheat\garudahs\garudahs_client\garudahs_client\debug\dynamicbehaviordetector.obj
f:\private mmo\republic project\12. republic anti cheat\garudahs\garudahs_client\debug\garudahs_client.dll
f:\private mmo\republic project\12. republic anti cheat\garudahs\garudahs_client\debug\garudahs_client.pdb
f:\private mmo\republic project\12. republic anti cheat\garudahs\garudahs_client\debug\garudahs_client.lib
f:\private mmo\republic project\12. republic anti cheat\garudahs\garudahs_client\debug\garudahs_client.exp
f:\private mmo\republic project\12. republic anti cheat\garudahs\garudahs_client\garudahs_client\debug\garudahs_client.ilk
f:\private mmo\republic project\12. republic anti cheat\garudahs\garudahs_client\debug\garudahs_client.ilk
f:\private mmo\republic project\12. republic anti cheat\garudahs\garudahs_client\garudahs_client\debug\garudahs_client.tlog\cl.command.1.tlog
f:\private mmo\republic project\12. republic anti cheat\garudahs\garudahs_client\garudahs_client\debug\garudahs_client.tlog\cl.items.tlog
f:\private mmo\republic project\12. republic anti cheat\garudahs\garudahs_client\garudahs_client\debug\garudahs_client.tlog\cl.read.1.tlog
f:\private mmo\republic project\12. republic anti cheat\garudahs\garudahs_client\garudahs_client\debug\garudahs_client.tlog\cl.write.1.tlog
f:\private mmo\republic project\12. republic anti cheat\garudahs\garudahs_client\garudahs_client\debug\garudahs_client.tlog\link.command.1.tlog
f:\private mmo\republic project\12. republic anti cheat\garudahs\garudahs_client\garudahs_client\debug\garudahs_client.tlog\link.read.1.tlog
f:\private mmo\republic project\12. republic anti cheat\garudahs\garudahs_client\garudahs_client\debug\garudahs_client.tlog\link.secondary.1.tlog
f:\private mmo\republic project\12. republic anti cheat\garudahs\garudahs_client\garudahs_client\debug\garudahs_client.tlog\link.write.1.tlog
