f:\private mmo\republic project\12. republic anti cheat\garudahs-v.1.0.2\client\debug\client.pch
f:\private mmo\republic project\12. republic anti cheat\garudahs-v.1.0.2\client\debug\vc143.pdb
f:\private mmo\republic project\12. republic anti cheat\garudahs-v.1.0.2\client\debug\vc143.idb
f:\private mmo\republic project\12. republic anti cheat\garudahs-v.1.0.2\client\debug\pch.obj
f:\private mmo\republic project\12. republic anti cheat\garudahs-v.1.0.2\client\debug\process_watcher.obj
f:\private mmo\republic project\12. republic anti cheat\garudahs-v.1.0.2\client\debug\net_report.obj
f:\private mmo\republic project\12. republic anti cheat\garudahs-v.1.0.2\client\debug\hwid.obj
f:\private mmo\republic project\12. republic anti cheat\garudahs-v.1.0.2\client\debug\crypto_utils.obj
f:\private mmo\republic project\12. republic anti cheat\garudahs-v.1.0.2\client\debug\dllmain.obj
f:\private mmo\republic project\12. republic anti cheat\garudahs-v.1.0.2\client\debug\anti_debug.obj
f:\private mmo\republic project\12. republic anti cheat\garudahs-v.1.0.2\debug\client.dll
f:\private mmo\republic project\12. republic anti cheat\garudahs-v.1.0.2\debug\client.pdb
f:\private mmo\republic project\12. republic anti cheat\garudahs-v.1.0.2\debug\client.lib
f:\private mmo\republic project\12. republic anti cheat\garudahs-v.1.0.2\debug\client.exp
f:\private mmo\republic project\12. republic anti cheat\garudahs-v.1.0.2\client\debug\client.ilk
f:\private mmo\republic project\12. republic anti cheat\garudahs-v.1.0.2\client\debug\client.tlog\cl.command.1.tlog
f:\private mmo\republic project\12. republic anti cheat\garudahs-v.1.0.2\client\debug\client.tlog\cl.items.tlog
f:\private mmo\republic project\12. republic anti cheat\garudahs-v.1.0.2\client\debug\client.tlog\cl.read.1.tlog
f:\private mmo\republic project\12. republic anti cheat\garudahs-v.1.0.2\client\debug\client.tlog\cl.write.1.tlog
f:\private mmo\republic project\12. republic anti cheat\garudahs-v.1.0.2\client\debug\client.tlog\link.command.1.tlog
f:\private mmo\republic project\12. republic anti cheat\garudahs-v.1.0.2\client\debug\client.tlog\link.read.1.tlog
f:\private mmo\republic project\12. republic anti cheat\garudahs-v.1.0.2\client\debug\client.tlog\link.secondary.1.tlog
f:\private mmo\republic project\12. republic anti cheat\garudahs-v.1.0.2\client\debug\client.tlog\link.write.1.tlog
